<?xml version="1.0" encoding="UTF-8"?>
<testsuite xmlns:xsi="http://www.w3.org/2001/XMLSchema-instance" xsi:noNamespaceSchemaLocation="https://maven.apache.org/surefire/maven-surefire-plugin/xsd/surefire-test-report-3.0.xsd" version="3.0" name="model.CurrencyConverterTest" time="0.053" tests="3" errors="0" skipped="0" failures="0">
  <properties>
[...]
</properties>
  <testcase name="convert_shouldThrowIfCurrencyIsNull" classname="model.CurrencyConverterTest" time="0.025"/>
  <testcase name="convert_shouldCalculateCorrectResult" classname="model.CurrencyConverterTest" time="0.002"/>
  <testcase name="convert_shouldThrowIfRateIsZeroOrNegative" classname="model.CurrencyConverterTest" time="0.001"/>
</testsuite>